-------------------------------------------------------------------------------
Test set: parallel.ParallelRun
-------------------------------------------------------------------------------
Tests run: 4, Failures: 2, Errors: 0, Skipped: 0, Time elapsed: 13.907 s <<< FAILURE! - in parallel.ParallelRun
runScenario(parallel.ParallelRun)  Time elapsed: 7.99 s  <<< FAILURE!
java.lang.AssertionError

runScenario(parallel.ParallelRun)  Time elapsed: 9.676 s  <<< FAILURE!
java.lang.AssertionError: expected:<4> but was:<5>

