<?xml version="1.0" encoding="UTF-8"?>
<testsuite xmlns:xsi="http://www.w3.org/2001/XMLSchema-instance" xsi:noNamespaceSchemaLocation="https://maven.apache.org/surefire/maven-surefire-plugin/xsd/surefire-test-report.xsd" name="parallel.ParallelRun" time="12.914" tests="4" errors="0" skipped="0" failures="2">
  <properties>
[...]
</properties>
  <testcase name="runScenario" classname="parallel.ParallelRun" time="7.595">
    <failure type="java.lang.AssertionError">java.lang.AssertionError
</failure>
    <system-out><![CDATA[
Scenario: Login Page                             &amp#27;[90m# src/test/resources/parallel/loginPage.feature:3&amp#27;[0m

Scenario: Launch Login                                  &amp#27;[90m# src/test/resources/parallel/loginPage.feature:11&amp#27;[0m

Scenario: Login Page Title Validation            &amp#27;[90m# src/test/resources/parallel/loginPage.feature:7&amp#27;[0m

@acc
Scenario: Account Page Launch                     &amp#27;[90m# src/test/resources/parallel/AccountPage.feature:11&amp#27;[0m
Browse value is : chrome
Browse value is : chrome
Browse value is : chrome
Browse value is : chrome
  &amp#27;[32mGiven &amp#27;[0m&amp#27;[32muser is on login page&amp#27;[0m                           &amp#27;[90m# parallel.LoginSteps.user_is_on_login_page()&amp#27;[0m
  &amp#27;[32mGiven &amp#27;[0m&amp#27;[32muser is on login page&amp#27;[0m                    &amp#27;[90m# parallel.LoginSteps.user_is_on_login_page()&amp#27;[0m
  &amp#27;[31mAnd &amp#27;[0m&amp#27;[31mI verify title should be &amp#27;[0m&amp#27;[31m&amp#27;[1m"Login - My Show"&amp#27;[0m &amp#27;[90m# parallel.LoginSteps.i_verify_title_should_be(java.lang.String)&amp#27;[0m
      &amp#27;[31mjava.lang.AssertionError
	at org.junit.Assert.fail(Assert.java:87)
	at org.junit.Assert.assertTrue(Assert.java:42)
	at org.junit.Assert.assertTrue(Assert.java:53)
	at parallel.LoginSteps.i_verify_title_should_be(LoginSteps.java:23)
	at ✽.I verify title should be "Login - My Show"(file:///C:/Users/manoh/CucumberProjects/cucumber1/cucumberTestNGPOM/src/test/resources/parallel/loginPage.feature:9)
&amp#27;[0m
  &amp#27;[32mAnd &amp#27;[0m&amp#27;[32mI enter the emailid &amp#27;[0m&amp#27;[32m&amp#27;[1m"automationharsha7@gmail.com"&amp#27;[0m &amp#27;[90m# parallel.LoginSteps.i_enter_the_emailid(java.lang.String)&amp#27;[0m

    Embedding Login_Page_Title_Validation [image/png 91127 bytes]

  &amp#27;[32mThen &amp#27;[0m&amp#27;[32mI enter Password &amp#27;[0m&amp#27;[32m&amp#27;[1m"Test@123"&amp#27;[0m                      &amp#27;[90m# parallel.LoginSteps.i_enter_password(java.lang.String)&amp#27;[0m
]]></system-out>
    <system-err><![CDATA[SLF4J: Failed to load class "org.slf4j.impl.StaticLoggerBinder".
SLF4J: Defaulting to no-operation (NOP) logger implementation
SLF4J: See http://www.slf4j.org/codes.html#StaticLoggerBinder for further details.
Starting ChromeDriver 114.0.5735.90 (386bc09e8f4f2e025eddae123f36f6263096ae49-refs/branch-heads/5735@{#1052}) on port 8891
Only local connections are allowed.
Please see https://chromedriver.chromium.org/security-considerations for suggestions on keeping ChromeDriver safe.
ChromeDriver was started successfully.
Starting ChromeDriver 114.0.5735.90 (386bc09e8f4f2e025eddae123f36f6263096ae49-refs/branch-heads/5735@{#1052}) on port 36358
Only local connections are allowed.
Please see https://chromedriver.chromium.org/security-considerations for suggestions on keeping ChromeDriver safe.
ChromeDriver was started successfully.
[1691324887.193][WARNING]: This version of ChromeDriver has not been tested with Chrome version 115.
Aug 06, 2023 5:58:07 PM org.openqa.selenium.remote.ProtocolHandshake createSession
INFO: Detected dialect: W3C
[1691324887.748][WARNING]: This version of ChromeDriver has not been tested with Chrome version 115.
Aug 06, 2023 5:58:07 PM org.openqa.selenium.remote.ProtocolHandshake createSession
INFO: Detected dialect: W3C
Starting ChromeDriver 114.0.5735.90 (386bc09e8f4f2e025eddae123f36f6263096ae49-refs/branch-heads/5735@{#1052}) on port 22407
Only local connections are allowed.
Please see https://chromedriver.chromium.org/security-considerations for suggestions on keeping ChromeDriver safe.
ChromeDriver was started successfully.
[1691324888.545][WARNING]: This version of ChromeDriver has not been tested with Chrome version 115.
Aug 06, 2023 5:58:08 PM org.openqa.selenium.remote.ProtocolHandshake createSession
INFO: Detected dialect: W3C
Starting ChromeDriver 114.0.5735.90 (386bc09e8f4f2e025eddae123f36f6263096ae49-refs/branch-heads/5735@{#1052}) on port 41144
Only local connections are allowed.
Please see https://chromedriver.chromium.org/security-considerations for suggestions on keeping ChromeDriver safe.
ChromeDriver was started successfully.
[1691324889.484][WARNING]: This version of ChromeDriver has not been tested with Chrome version 115.
Aug 06, 2023 5:58:09 PM org.openqa.selenium.remote.ProtocolHandshake createSession
INFO: Detected dialect: W3C
]]></system-err>
  </testcase>
  <testcase name="runScenario" classname="parallel.ParallelRun" time="8.62"/>
  <testcase name="runScenario" classname="parallel.ParallelRun" time="8.679"/>
  <testcase name="runScenario" classname="parallel.ParallelRun" time="9.184">
    <failure message="expected:&lt;4&gt; but was:&lt;5&gt;" type="java.lang.AssertionError"><![CDATA[java.lang.AssertionError: expected:<4> but was:<5>
]]></failure>
    <system-out><![CDATA[  &amp#27;[32mGiven &amp#27;[0m&amp#27;[32mUser has already logged in to application&amp#27;[0m &amp#27;[90m# parallel.AccountsPageSteps.user_has_already_logged_in_to_application(io.cucumber.datatable.DataTable)&amp#27;[0m
My account - My Shop
  &amp#27;[32mGiven &amp#27;[0m&amp#27;[32mUsers on accounts page&amp#27;[0m                    &amp#27;[90m# parallel.AccountsPageSteps.users_on_accounts_page()&amp#27;[0m
Expected Lists: [ADD MY FIRST ADDRESS, ORDER HISTORY AND DETAILS, MY CREDIT SLIPS, MY ADDRESSES, MY PERSONAL INFORMATION]
Actual List :[ADD MY FIRST ADDRESS, ORDER HISTORY AND DETAILS, MY CREDIT SLIPS, MY ADDRESSES, MY PERSONAL INFORMATION]
true
  &amp#27;[32mThen &amp#27;[0m&amp#27;[32muser get accounts section&amp#27;[0m                  &amp#27;[90m# parallel.AccountsPageSteps.user_get_accounts_section(io.cucumber.datatable.DataTable)&amp#27;[0m
  &amp#27;[31mAnd &amp#27;[0m&amp#27;[31maccount selection count is &amp#27;[0m&amp#27;[31m&amp#27;[1m4&amp#27;[0m                &amp#27;[90m# parallel.AccountsPageSteps.account_selection_count_is(int)&amp#27;[0m
      &amp#27;[31mjava.lang.AssertionError: expected:<4> but was:<5>
	at org.junit.Assert.fail(Assert.java:89)
	at org.junit.Assert.failNotEquals(Assert.java:835)
	at org.junit.Assert.assertEquals(Assert.java:647)
	at org.junit.Assert.assertEquals(Assert.java:633)
	at parallel.AccountsPageSteps.account_selection_count_is(AccountsPageSteps.java:75)
	at ✽.account selection count is 4(file:///C:/Users/manoh/CucumberProjects/cucumber1/cucumberTestNGPOM/src/test/resources/parallel/AccountPage.feature:19)
&amp#27;[0m

    Embedding Account_Page_Launch [image/png 97680 bytes]

]]></system-out>
  </testcase>
</testsuite>