<?xml version="1.0" encoding="UTF-8"?>
<testsuite xmlns:xsi="http://www.w3.org/2001/XMLSchema-instance" xsi:noNamespaceSchemaLocation="https://maven.apache.org/surefire/maven-surefire-plugin/xsd/surefire-test-report.xsd" name="parallel.ParallelRun" time="13.907" tests="4" errors="0" skipped="0" failures="2">
  <properties>
[...]
</properties>
  <testcase name="runScenario" classname="parallel.ParallelRun" time="7.99">
    <failure type="java.lang.AssertionError">java.lang.AssertionError
</failure>
    <system-out><![CDATA[
Scenario: Login Page Title Validation            &amp#27;[90m# src/test/resources/parallel/loginPage.feature:7&amp#27;[0m

Scenario: Login Page                             &amp#27;[90m# src/test/resources/parallel/loginPage.feature:3&amp#27;[0m

Scenario: Launch Login                                  &amp#27;[90m# src/test/resources/parallel/loginPage.feature:11&amp#27;[0m

@acc
Scenario: Account Page Launch                     &amp#27;[90m# src/test/resources/parallel/AccountPage.feature:11&amp#27;[0m
Browse value is : chrome
Browse value is : chrome
Browse value is : chrome
Browse value is : chrome
  &amp#27;[32mGiven &amp#27;[0m&amp#27;[32muser is on login page&amp#27;[0m                    &amp#27;[90m# parallel.LoginSteps.user_is_on_login_page()&amp#27;[0m
  &amp#27;[31mAnd &amp#27;[0m&amp#27;[31mI verify title should be &amp#27;[0m&amp#27;[31m&amp#27;[1m"Login - My Show"&amp#27;[0m &amp#27;[90m# parallel.LoginSteps.i_verify_title_should_be(java.lang.String)&amp#27;[0m
      &amp#27;[31mjava.lang.AssertionError
	at org.junit.Assert.fail(Assert.java:87)
	at org.junit.Assert.assertTrue(Assert.java:42)
	at org.junit.Assert.assertTrue(Assert.java:53)
	at parallel.LoginSteps.i_verify_title_should_be(LoginSteps.java:23)
	at ✽.I verify title should be "Login - My Show"(file:///C:/Users/manoh/CucumberProjects/cucumber1/GIT%20Repos/cucumberJunit/CucumberTestNGParalel1/CucumberTestNGParallel/src/test/resources/parallel/loginPage.feature:9)
&amp#27;[0m
  &amp#27;[32mGiven &amp#27;[0m&amp#27;[32muser is on login page&amp#27;[0m                    &amp#27;[90m# parallel.LoginSteps.user_is_on_login_page()&amp#27;[0m
  &amp#27;[32mAnd &amp#27;[0m&amp#27;[32mI verify title should be &amp#27;[0m&amp#27;[32m&amp#27;[1m"Login - My Shop"&amp#27;[0m &amp#27;[90m# parallel.LoginSteps.i_verify_title_should_be(java.lang.String)&amp#27;[0m

    Embedding Login_Page_Title_Validation [image/png 91390 bytes]

  &amp#27;[32mGiven &amp#27;[0m&amp#27;[32muser is on login page&amp#27;[0m                           &amp#27;[90m# parallel.LoginSteps.user_is_on_login_page()&amp#27;[0m
]]></system-out>
    <system-err><![CDATA[SLF4J: Failed to load class "org.slf4j.impl.StaticLoggerBinder".
SLF4J: Defaulting to no-operation (NOP) logger implementation
SLF4J: See http://www.slf4j.org/codes.html#StaticLoggerBinder for further details.
Aug 22, 2023 10:05:20 PM org.openqa.selenium.devtools.CdpVersionFinder findNearestMatch
WARNING: Unable to find an exact match for CDP version 116, so returning the closest version found: 115
Aug 22, 2023 10:05:20 PM org.openqa.selenium.devtools.CdpVersionFinder findNearestMatch
WARNING: Unable to find an exact match for CDP version 116, so returning the closest version found: 115
Aug 22, 2023 10:05:20 PM org.openqa.selenium.devtools.CdpVersionFinder findNearestMatch
WARNING: Unable to find an exact match for CDP version 116, so returning the closest version found: 115
Aug 22, 2023 10:05:20 PM org.openqa.selenium.devtools.CdpVersionFinder findNearestMatch
WARNING: Unable to find an exact match for CDP version 116, so returning the closest version found: 115
]]></system-err>
  </testcase>
  <testcase name="runScenario" classname="parallel.ParallelRun" time="8.053"/>
  <testcase name="runScenario" classname="parallel.ParallelRun" time="9.364"/>
  <testcase name="runScenario" classname="parallel.ParallelRun" time="9.676">
    <failure message="expected:&lt;4&gt; but was:&lt;5&gt;" type="java.lang.AssertionError"><![CDATA[java.lang.AssertionError: expected:<4> but was:<5>
]]></failure>
    <system-out><![CDATA[
    Embedding Account_Page_Launch [image/png 97939 bytes]

]]></system-out>
  </testcase>
</testsuite>